<?xml version="1.0" encoding="UTF-8"?>
<testng-results ignored="1" total="2" passed="1" failed="0" skipped="0">
  <reporter-output>
  </reporter-output>
  <suite started-at="2025-07-29T10:38:34 IST" name="Default suite" finished-at="2025-07-29T10:38:41 IST" duration-ms="6850">
    <groups>
    </groups>
    <test started-at="2025-07-29T10:38:34 IST" name="Default test" finished-at="2025-07-29T10:38:41 IST" duration-ms="6850">
      <class name="tutorialsninja.tests.Logout">
        <test-method is-config="true" signature="setUp()[pri:0, instance:tutorialsninja.tests.Logout@4b741d6d]" started-at="2025-07-29T10:38:34 IST" name="setUp" finished-at="2025-07-29T10:38:39 IST" duration-ms="4763" status="PASS">
          <reporter-output>
          </reporter-output>
        </test-method> <!-- setUp -->
        <test-method signature="verifylogoutFunctionalityFromSelectingRightSideOptions()[pri:0, instance:tutorialsninja.tests.Logout@4b741d6d]" started-at="2025-07-29T10:38:39 IST" name="verifylogoutFunctionalityFromSelectingRightSideOptions" finished-at="2025-07-29T10:38:40 IST" duration-ms="1682" status="PASS">
          <reporter-output>
          </reporter-output>
        </test-method> <!-- verifylogoutFunctionalityFromSelectingRightSideOptions -->
        <test-method is-config="true" signature="tearDown()[pri:0, instance:tutorialsninja.tests.Logout@4b741d6d]" started-at="2025-07-29T10:38:40 IST" name="tearDown" finished-at="2025-07-29T10:38:41 IST" duration-ms="345" status="PASS">
          <reporter-output>
          </reporter-output>
        </test-method> <!-- tearDown -->
      </class> <!-- tutorialsninja.tests.Logout -->
    </test> <!-- Default test -->
  </suite> <!-- Default suite -->
</testng-results>
