<?xml version="1.0" encoding="UTF-8"?>
<testng-results ignored="0" total="1" passed="1" failed="0" skipped="0">
  <reporter-output>
  </reporter-output>
  <suite started-at="2025-07-23T08:23:50 IST" name="Default suite" finished-at="2025-07-23T08:23:58 IST" duration-ms="8490">
    <groups>
    </groups>
    <test started-at="2025-07-23T08:23:50 IST" name="Default test" finished-at="2025-07-23T08:23:58 IST" duration-ms="8490">
      <class name="tutorialsninja.tests.Logout">
        <test-method is-config="true" signature="setUp()[pri:0, instance:tutorialsninja.tests.Logout@15bb5034]" started-at="2025-07-23T08:23:50 IST" name="setUp" finished-at="2025-07-23T08:23:55 IST" duration-ms="5083" status="PASS">
          <reporter-output>
          </reporter-output>
        </test-method> <!-- setUp -->
        <test-method signature="verifyLoggingOutWithUsingMyAccountDropDoown()[pri:0, instance:tutorialsninja.tests.Logout@15bb5034]" started-at="2025-07-23T08:23:55 IST" name="verifyLoggingOutWithUsingMyAccountDropDoown" finished-at="2025-07-23T08:23:58 IST" duration-ms="2721" status="PASS">
          <reporter-output>
          </reporter-output>
        </test-method> <!-- verifyLoggingOutWithUsingMyAccountDropDoown -->
        <test-method is-config="true" signature="tearDown()[pri:0, instance:tutorialsninja.tests.Logout@15bb5034]" started-at="2025-07-23T08:23:58 IST" name="tearDown" finished-at="2025-07-23T08:23:58 IST" duration-ms="625" status="PASS">
          <reporter-output>
          </reporter-output>
        </test-method> <!-- tearDown -->
      </class> <!-- tutorialsninja.tests.Logout -->
    </test> <!-- Default test -->
  </suite> <!-- Default suite -->
</testng-results>
