<?xml version="1.0" encoding="UTF-8"?>
<!-- Generated by org.testng.reporters.JUnitXMLReporter -->
<testsuite ignored="1" hostname="LAPTOP-CL407034" failures="0" tests="1" name="Default test" time="6.85" errors="0" timestamp="2025-07-29T10:38:41 IST">
  <testcase classname="tutorialsninja.tests.Logout" name="verifylogoutFunctionalityFromSelectingRightSideOptions" time="1.682"/>
  <testcase classname="tutorialsninja.tests.Logout" name="verifyLoggingOutWithUsingMyAccountDropDoown" time="0.0">
    <ignored/>
  </testcase> <!-- verifyLoggingOutWithUsingMyAccountDropDoown -->
</testsuite> <!-- Default test -->
