<?xml version="1.0" encoding="UTF-8"?>
<!-- Generated by org.testng.reporters.JUnitXMLReporter -->
<testsuite ignored="0" hostname="LAPTOP-CL407034" failures="0" tests="31" name="Test" time="169.292" errors="0" timestamp="2025-07-07T18:19:12 IST">
  <testcase classname="tutorialsninja.tests.Register" name="VerifyRegistringWithMandotoryField" time="2.362"/>
  <testcase classname="tutorialsninja.tests.Register" name="VerifyRegisterWithoutFillingField" time="0.932"/>
  <testcase classname="tutorialsninja.tests.Register" name="VerifyNewspaper" time="3.135"/>
  <testcase classname="tutorialsninja.tests.Register" name="verifyNewspaperByNo" time="2.519"/>
  <testcase classname="tutorialsninja.tests.Register" name="verifynavigatingToRegisterAccountUsingMultipleWays" time="1.755"/>
  <testcase classname="tutorialsninja.tests.Register" name="verifyWrongPasswordWaringMessage" time="1.714"/>
  <testcase classname="tutorialsninja.tests.Register" name="verifyDublicateEmailWarningMessage" time="1.648"/>
  <testcase classname="tutorialsninja.tests.Register" name="VerifyAllPlaceholder" time="0.27"/>
  <testcase classname="tutorialsninja.tests.Register" name="VerifyMendatoryField" time="0.287"/>
  <testcase classname="tutorialsninja.tests.Register" name="verifyWarningMessagesWithSpace" time="1.625"/>
  <testcase classname="tutorialsninja.tests.Register" name="VerifyPasswordFieldCompalacity" time="2.244"/>
  <testcase classname="tutorialsninja.tests.Register" name="VerifyPasswordFieldCompalacity" time="1.884"/>
  <testcase classname="tutorialsninja.tests.Register" name="VerifyPasswordFieldCompalacity" time="1.962"/>
  <testcase classname="tutorialsninja.tests.Register" name="VerifyPasswordFieldCompalacity" time="1.866"/>
  <testcase classname="tutorialsninja.tests.Register" name="VerifyPasswordFieldCompalacity" time="1.851"/>
  <testcase classname="tutorialsninja.tests.Register" name="VerifyPasswordFieldCompalacity" time="2.024"/>
  <testcase classname="tutorialsninja.tests.Register" name="VerifyLeadingAndTrilingSpaceWhileRegistration" time="2.506"/>
  <testcase classname="tutorialsninja.tests.Register" name="VerifyprivecyPoilicyDefaultChecked" time="0.032"/>
  <testcase classname="tutorialsninja.tests.Register" name="VerifyPrivecyPolicyWarningMessage" time="1.688"/>
  <testcase classname="tutorialsninja.tests.Register" name="verifyVisibilityTogglineOfPasswordFieldOnRegistredAccount" time="0.081"/>
  <testcase classname="tutorialsninja.tests.Register" name="verifyAllTheLinksOnRegisterPage" time="10.172"/>
  <testcase classname="tutorialsninja.tests.Register" name="VerifyBreadcurmURLTitleHeading" time="0.085"/>
  <testcase classname="tutorialsninja.tests.Login" name="verifyLoginWithValidCredencials" time="1.098"/>
  <testcase classname="tutorialsninja.tests.Login" name="verifyLoginWithInvalidCredencial" time="1.035"/>
  <testcase classname="tutorialsninja.tests.Login" name="verifyLoginWithInvalidEmailWithValidPassword" time="0.966"/>
  <testcase classname="tutorialsninja.tests.Login" name="verifyLoginWithvalidEmailWithInValidPassword" time="1.049"/>
  <testcase classname="tutorialsninja.tests.Login" name="verifyLoginWithoutCredencial" time="0.788"/>
  <testcase classname="tutorialsninja.tests.Login" name="verifyForgottenPasswordLinkInLoginPage" time="0.429"/>
  <testcase classname="tutorialsninja.tests.Login" name="verifyLoginPlaceholder" time="0.062"/>
  <testcase classname="tutorialsninja.tests.Login" name="verifyBrowserBackAfterLogin" time="1.23"/>
  <testcase classname="tutorialsninja.tests.Login" name="VerifyBrowserBackAfterLogout" time="1.832"/>
</testsuite> <!-- Test -->
